<?xml version="1.0" encoding="UTF-8"?>
<testsuite name="uk.ac.leedsbeckett.finance.controller.InvoiceControllerIntegrationTest" tests="16" skipped="0" failures="0" errors="0" timestamp="2024-03-08T16:17:17" hostname="BOSU_DESKTOP" time="0.313">
  <properties/>
  <testcase name="a_givenInvoice_whenGetAccountById_thenStatus200()" classname="uk.ac.leedsbeckett.finance.controller.InvoiceControllerIntegrationTest" time="0.067"/>
  <testcase name="givenCancelledInvoice_whenPay_thenStatus405()" classname="uk.ac.leedsbeckett.finance.controller.InvoiceControllerIntegrationTest" time="0.021"/>
  <testcase name="givenInvoice_whenDelete_thenStatus200_andInvoiceCancelled()" classname="uk.ac.leedsbeckett.finance.controller.InvoiceControllerIntegrationTest" time="0.02"/>
  <testcase name="givenInvoice_whenGetInvoiceByReference_thenStatus200()" classname="uk.ac.leedsbeckett.finance.controller.InvoiceControllerIntegrationTest" time="0.017"/>
  <testcase name="givenInvoices_whenGetInvoices_thenStatus200()" classname="uk.ac.leedsbeckett.finance.controller.InvoiceControllerIntegrationTest" time="0.022"/>
  <testcase name="givenNoInvoice_whenDelete_thenStatus404()" classname="uk.ac.leedsbeckett.finance.controller.InvoiceControllerIntegrationTest" time="0.016"/>
  <testcase name="givenNoInvoice_whenGetInvoiceById_thenStatus404()" classname="uk.ac.leedsbeckett.finance.controller.InvoiceControllerIntegrationTest" time="0.013"/>
  <testcase name="givenNoInvoice_whenGetInvoiceByReference_thenStatus404()" classname="uk.ac.leedsbeckett.finance.controller.InvoiceControllerIntegrationTest" time="0.013"/>
  <testcase name="givenNoInvoice_whenPay_thenStatus405()" classname="uk.ac.leedsbeckett.finance.controller.InvoiceControllerIntegrationTest" time="0.012"/>
  <testcase name="givenNoInvoice_whenPostNewInvoice_thenStatus201()" classname="uk.ac.leedsbeckett.finance.controller.InvoiceControllerIntegrationTest" time="0.024"/>
  <testcase name="givenNoInvoices_whenGetInvoices_thenStatus200_andLinkToSelf()" classname="uk.ac.leedsbeckett.finance.controller.InvoiceControllerIntegrationTest" time="0.014"/>
  <testcase name="givenOutstandingInvoice_whenPay_thenStatus200_andInvoicePaid()" classname="uk.ac.leedsbeckett.finance.controller.InvoiceControllerIntegrationTest" time="0.015"/>
  <testcase name="givenPaidInvoice_whenPay_thenStatus405()" classname="uk.ac.leedsbeckett.finance.controller.InvoiceControllerIntegrationTest" time="0.013"/>
  <testcase name="whenPostNewInvoice_withEmptyAccountValue_thenStatus422()" classname="uk.ac.leedsbeckett.finance.controller.InvoiceControllerIntegrationTest" time="0.012"/>
  <testcase name="whenPostNewInvoice_withEmptyJson_thenStatus400()" classname="uk.ac.leedsbeckett.finance.controller.InvoiceControllerIntegrationTest" time="0.01"/>
  <testcase name="whenPostNewInvoice_withEmptyStudentIdValue_thenStatus422()" classname="uk.ac.leedsbeckett.finance.controller.InvoiceControllerIntegrationTest" time="0.013"/>
  <system-out><![CDATA[2024-03-08 16:17:16.396  INFO 33604 --- [    Test worker] .b.t.c.SpringBootTestContextBootstrapper : Neither @ContextConfiguration nor @ContextHierarchy found for test class [uk.ac.leedsbeckett.finance.controller.InvoiceControllerIntegrationTest], using SpringBootContextLoader
2024-03-08 16:17:16.397  INFO 33604 --- [    Test worker] o.s.t.c.support.AbstractContextLoader    : Could not detect default resource locations for test class [uk.ac.leedsbeckett.finance.controller.InvoiceControllerIntegrationTest]: no resource found for suffixes {-context.xml, Context.groovy}.
2024-03-08 16:17:16.397  INFO 33604 --- [    Test worker] t.c.s.AnnotationConfigContextLoaderUtils : Could not detect default configuration classes for test class [uk.ac.leedsbeckett.finance.controller.InvoiceControllerIntegrationTest]: InvoiceControllerIntegrationTest does not declare any static, non-private, non-final, nested classes annotated with @Configuration.
2024-03-08 16:17:16.398  INFO 33604 --- [    Test worker] .b.t.c.SpringBootTestContextBootstrapper : Found @SpringBootConfiguration uk.ac.leedsbeckett.finance.FinanceApplication for test class uk.ac.leedsbeckett.finance.controller.InvoiceControllerIntegrationTest
2024-03-08 16:17:16.400  INFO 33604 --- [    Test worker] .b.t.c.SpringBootTestContextBootstrapper : Loaded default TestExecutionListener class names from location [META-INF/spring.factories]: [org.springframework.boot.test.autoconfigure.restdocs.RestDocsTestExecutionListener, org.springframework.boot.test.autoconfigure.web.client.MockRestServiceServerResetTestExecutionListener, org.springframework.boot.test.autoconfigure.web.servlet.MockMvcPrintOnlyOnFailureTestExecutionListener, org.springframework.boot.test.autoconfigure.web.servlet.WebDriverTestExecutionListener, org.springframework.boot.test.autoconfigure.webservices.client.MockWebServiceServerTestExecutionListener, org.springframework.boot.test.mock.mockito.MockitoTestExecutionListener, org.springframework.boot.test.mock.mockito.ResetMocksTestExecutionListener, org.springframework.test.context.web.ServletTestExecutionListener, org.springframework.test.context.support.DirtiesContextBeforeModesTestExecutionListener, org.springframework.test.context.event.ApplicationEventsTestExecutionListener, org.springframework.test.context.support.DependencyInjectionTestExecutionListener, org.springframework.test.context.support.DirtiesContextTestExecutionListener, org.springframework.test.context.transaction.TransactionalTestExecutionListener, org.springframework.test.context.jdbc.SqlScriptsTestExecutionListener, org.springframework.test.context.event.EventPublishingTestExecutionListener]
2024-03-08 16:17:16.400  INFO 33604 --- [    Test worker] .b.t.c.SpringBootTestContextBootstrapper : Using TestExecutionListeners: [org.springframework.test.context.web.ServletTestExecutionListener@64cbc28e, org.springframework.test.context.support.DirtiesContextBeforeModesTestExecutionListener@5623fd90, org.springframework.test.context.event.ApplicationEventsTestExecutionListener@4842a683, org.springframework.boot.test.mock.mockito.MockitoTestExecutionListener@65a03c19, org.springframework.boot.test.autoconfigure.SpringBootDependencyInjectionTestExecutionListener@5f455d91, org.springframework.test.context.support.DirtiesContextTestExecutionListener@16c3e494, org.springframework.test.context.transaction.TransactionalTestExecutionListener@4b682e71, org.springframework.test.context.jdbc.SqlScriptsTestExecutionListener@2f4c83f1, org.springframework.test.context.event.EventPublishingTestExecutionListener@5a90ea5c, org.springframework.boot.test.autoconfigure.restdocs.RestDocsTestExecutionListener@537e52de, org.springframework.boot.test.autoconfigure.web.client.MockRestServiceServerResetTestExecutionListener@59eff566, org.springframework.boot.test.autoconfigure.web.servlet.MockMvcPrintOnlyOnFailureTestExecutionListener@1277a6a1, org.springframework.boot.test.autoconfigure.web.servlet.WebDriverTestExecutionListener@4fe87cb9, org.springframework.boot.test.autoconfigure.webservices.client.MockWebServiceServerTestExecutionListener@6e212f38, org.springframework.boot.test.mock.mockito.ResetMocksTestExecutionListener@4843b35f]

  .   ____          _            __ _ _
 /\\ / ___'_ __ _ _(_)_ __  __ _ \ \ \ \
( ( )\___ | '_ | '_| | '_ \/ _` | \ \ \ \
 \\/  ___)| |_)| | | | | || (_| |  ) ) ) )
  '  |____| .__|_| |_|_| |_\__, | / / / /
 =========|_|==============|___/=/_/_/_/
 :: Spring Boot ::                (v2.6.1)

2024-03-08 16:17:16.420  INFO 33604 --- [    Test worker] a.l.f.c.InvoiceControllerIntegrationTest : Starting InvoiceControllerIntegrationTest using Java 16.0.2 on BOSU_Desktop with PID 33604 (started by Bosurgi in D:\Documents\Projects\SESC\SESC_Microservices\finance)
2024-03-08 16:17:16.420  INFO 33604 --- [    Test worker] a.l.f.c.InvoiceControllerIntegrationTest : The following profiles are active: test
2024-03-08 16:17:16.579  INFO 33604 --- [    Test worker] .s.d.r.c.RepositoryConfigurationDelegate : Bootstrapping Spring Data JPA repositories in DEFAULT mode.
2024-03-08 16:17:16.588  INFO 33604 --- [    Test worker] .s.d.r.c.RepositoryConfigurationDelegate : Finished Spring Data repository scanning in 9 ms. Found 2 JPA repository interfaces.
2024-03-08 16:17:16.607  INFO 33604 --- [    Test worker] beddedDataSourceBeanFactoryPostProcessor : Replacing 'dataSource' DataSource bean with embedded version
2024-03-08 16:17:16.688  INFO 33604 --- [    Test worker] o.s.j.d.e.EmbeddedDatabaseFactory        : Starting embedded database: url='jdbc:h2:mem:ee0c42ab-9622-47ba-8507-d6f5ed34065e;DB_CLOSE_DELAY=-1;DB_CLOSE_ON_EXIT=false', username='sa'
2024-03-08 16:17:16.727  INFO 33604 --- [    Test worker] o.hibernate.jpa.internal.util.LogHelper  : HHH000204: Processing PersistenceUnitInfo [name: default]
2024-03-08 16:17:16.733  INFO 33604 --- [    Test worker] org.hibernate.dialect.Dialect            : HHH000400: Using dialect: org.hibernate.dialect.H2Dialect
2024-03-08 16:17:16.768  INFO 33604 --- [    Test worker] o.h.e.t.j.p.i.JtaPlatformInitiator       : HHH000490: Using JtaPlatform implementation: [org.hibernate.engine.transaction.jta.platform.internal.NoJtaPlatform]
2024-03-08 16:17:16.768  INFO 33604 --- [    Test worker] j.LocalContainerEntityManagerFactoryBean : Initialized JPA EntityManagerFactory for persistence unit 'default'
2024-03-08 16:17:16.950  WARN 33604 --- [    Test worker] JpaBaseConfiguration$JpaWebConfiguration : spring.jpa.open-in-view is enabled by default. Therefore, database queries may be performed during view rendering. Explicitly configure spring.jpa.open-in-view to disable this warning
2024-03-08 16:17:17.322  INFO 33604 --- [    Test worker] o.s.b.t.m.w.SpringBootMockServletContext : Initializing Spring TestDispatcherServlet ''
2024-03-08 16:17:17.322  INFO 33604 --- [    Test worker] o.s.t.web.servlet.TestDispatcherServlet  : Initializing Servlet ''
2024-03-08 16:17:17.323  INFO 33604 --- [    Test worker] o.s.t.web.servlet.TestDispatcherServlet  : Completed initialization in 1 ms
2024-03-08 16:17:17.328  INFO 33604 --- [    Test worker] a.l.f.c.InvoiceControllerIntegrationTest : Started InvoiceControllerIntegrationTest in 0.925 seconds (JVM running for 10.53)
2024-03-08 16:17:17.533  WARN 33604 --- [    Test worker] .w.s.m.s.DefaultHandlerExceptionResolver : Resolved [org.springframework.web.HttpRequestMethodNotSupportedException: Request method 'DELETE' not supported]
2024-03-08 16:17:17.626  WARN 33604 --- [    Test worker] .w.s.m.s.DefaultHandlerExceptionResolver : Resolved [org.springframework.http.converter.HttpMessageNotReadableException: Required request body is missing: org.springframework.http.ResponseEntity<?> uk.ac.leedsbeckett.finance.controller.InvoiceController.newInvoice(uk.ac.leedsbeckett.finance.model.Invoice)]
2024-03-08 16:17:17.645  INFO 33604 --- [    Test worker] j.LocalContainerEntityManagerFactoryBean : Closing JPA EntityManagerFactory for persistence unit 'default'
2024-03-08 16:17:17.646  INFO 33604 --- [    Test worker] .SchemaDropperImpl$DelayedDropActionImpl : HHH000477: Starting delayed evictData of schema as part of SessionFactory shut-down'
]]></system-out>
  <system-err><![CDATA[]]></system-err>
</testsuite>
